<?xml version="1.0" encoding="UTF-8"?>
<testsuites name="User Management API" tests="3" time="1.381">
  <testsuite name="Get All Brands" id="238d3ddb-9dec-490f-8a86-192932254f88" timestamp="2025-08-22T12:31:17.581Z" tests="3" failures="0" errors="0" time="0.913">
    <testcase name="Status code is 200" time="0.913" classname="GetAllBrands"/>
    <testcase name="Response has brands array" time="0.913" classname="GetAllBrands"/>
    <testcase name="Brand has required properties" time="0.913" classname="GetAllBrands"/>
  </testsuite>
  <testsuite name="Verify Login - Valid Credentials" id="2db81e86-8ffd-4fa3-a930-2bc40e3743bf" timestamp="2025-08-22T12:31:17.581Z" tests="2" failures="0" errors="0" time="0.239">
    <testcase name="Status code is 200" time="0.239" classname="VerifyLoginValidCredentials"/>
    <testcase name="Login verification response" time="0.239" classname="VerifyLoginValidCredentials"/>
  </testsuite>
  <testsuite name="Verify Login - Invalid Credentials" id="1b0fba74-0266-454b-98b6-0ccbcda63aa0" timestamp="2025-08-22T12:31:17.581Z" tests="2" failures="1" errors="0" time="0.229">
    <testcase name="Status code indicates authentication failure" time="0.229" classname="VerifyLoginInvalidCredentials">
      <failure type="AssertionFailure" message="expected response to have status code 404 but got 200">
        <![CDATA[Failed 1 times.]]>
        <![CDATA[Collection JSON ID: 9e7d6774-f0b4-49af-b0b1-7952b22e42d1.]]>
        <![CDATA[Collection name: User Management API.]]>
        <![CDATA[Request name: Verify Login - Invalid Credentials.]]>
        <![CDATA[Test description: Status code indicates authentication failure.]]>
        <![CDATA[Error message: expected response to have status code 404 but got 200.]]>
        <![CDATA[Stacktrace: AssertionError: expected response to have status code 404 but got 200
   at Object.eval sandbox-script.js:1:3).]]>
      </failure>
    </testcase>
    <testcase name="Error message for invalid login" time="0.229" classname="VerifyLoginInvalidCredentials"/>
  </testsuite>
</testsuites>